<?xml version="1.0" encoding="UTF-8"?>
<testsuite hostname="DESKTOP-7IJ20C2" name="com.Scenarios.Logout" tests="1" failures="1" timestamp="6 Jan 2018 10:43:03 GMT" time="0.001" errors="0">
  <testcase name="Logoutpage" time="0.0" classname="com.Scenarios.Logout">
    <failure type="java.lang.NullPointerException">
      <![CDATA[java.lang.NullPointerException
	at com.Scenarios.Logout.Logoutpage(Unknown Source)
	at com.Runner.AutomationRunner.main(Unknown Source)
... Removed 22 stack frames]]>
    </failure>
  </testcase>
</testsuite>
