<?xml version="1.0" encoding="UTF-8"?>
<testng-results skipped="0" failed="0" total="1" passed="1">
  <reporter-output>
  </reporter-output>
  <suite name="Sample_Suite" duration-ms="1" started-at="2018-01-16T16:10:25Z" finished-at="2018-01-16T16:10:25Z">
    <groups>
    </groups>
    <test name="Sample_test" duration-ms="1" started-at="2018-01-16T16:10:25Z" finished-at="2018-01-16T16:10:25Z">
      <class name="com.Scenarios.Logout">
        <test-method status="PASS" signature="Logoutpage()" name="Logoutpage" duration-ms="1" started-at="2018-01-16T16:10:25Z" finished-at="2018-01-16T16:10:25Z">
        </test-method>
      </class>
    </test>
  </suite>
</testng-results>
